<?xml version="1.0" encoding="UTF-8"?>
<testsuite xmlns:xsi="http://www.w3.org/2001/XMLSchema-instance" xsi:noNamespaceSchemaLocation="https://maven.apache.org/surefire/maven-surefire-plugin/xsd/surefire-test-report-3.0.xsd" version="3.0" name="example.MainTest" time="0.003" tests="3" errors="0" skipped="0" failures="0">
  <properties>
[...]
</properties>
  <testcase name="placingXTest" classname="example.MainTest" time="0.0">
    <system-out><![CDATA[Starting tests .....
]]></system-out>
  </testcase>
  <testcase name="exitMoveTest" classname="example.MainTest" time="0.001"/>
  <testcase name="isValidPlayer" classname="example.MainTest" time="0.001"/>
</testsuite>